   1 M   0.78145 0.20422 0.01021 0.00411 ( 1)
   2 S   0.01211 0.87495 0.01479 0.09815 ( 2)
   3 K   0.77706 0.20704 0.01131 0.00459 ( 1)
   4 Q   0.73168 0.23960 0.01998 0.00874 ( 1)
   5 R   0.75357 0.22480 0.01521 0.00643 ( 1)
   6 G   0.72253 0.24546 0.02218 0.00983 ( 1)
   7 T   0.69462 0.26003 0.03118 0.01417 ( 1)
   8 F   0.70085 0.25837 0.02799 0.01279 ( 1)
   9 S   0.68976 0.26388 0.03170 0.01466 ( 1)
  10 E   0.76501 0.21637 0.01316 0.00546 ( 1)
  11 V   0.70236 0.25732 0.02769 0.01262 ( 1)
  12 S   0.78332 0.20272 0.00997 0.00400 ( 1)
  13 L   0.66894 0.27450 0.03834 0.01822 ( 1)
  14 A   0.68174 0.26838 0.03398 0.01590 ( 1)
  15 Q   0.70595 0.25540 0.02659 0.01207 ( 1)
  16 D   0.72915 0.24135 0.02050 0.00900 ( 1)
  17 P   0.71944 0.24736 0.02297 0.01023 ( 1)
  18 K   0.74710 0.22914 0.01665 0.00711 ( 1)
  19 W   0.13381 0.81740 0.00517 0.04362 ( 2)
  20 Q   0.70533 0.25466 0.02752 0.01249 ( 1)
  21 Q   0.73168 0.23960 0.01998 0.00874 ( 1)
  22 R   0.72808 0.24206 0.02074 0.00912 ( 1)
  23 K   0.77706 0.20704 0.01131 0.00459 ( 1)
  24 P   0.73422 0.23801 0.01933 0.00843 ( 1)
  25 K   0.77706 0.20704 0.01131 0.00459 ( 1)
  26 G   0.68715 0.26646 0.03159 0.01480 ( 1)
  27 N   0.80268 0.18665 0.00770 0.00297 ( 1)
  28 K   0.77706 0.20704 0.01131 0.00459 ( 1)
  29 S   0.08723 0.51922 0.27224 0.12131 ( 2)
  30 S   0.67160 0.27335 0.03735 0.01770 ( 1)
  31 I   0.77437 0.20918 0.01169 0.00477 ( 1)
  32 S   0.69132 0.26329 0.03104 0.01435 ( 1)
  33 G   0.14058 0.82216 0.00431 0.03294 ( 2)
  34 T   0.69126 0.26336 0.03103 0.01435 ( 1)
  35 E   0.76501 0.21637 0.01316 0.00546 ( 1)
  36 Q   0.70595 0.25540 0.02659 0.01207 ( 1)
  37 E   0.76501 0.21637 0.01316 0.00546 ( 1)
  38 I   0.77327 0.21005 0.01185 0.00484 ( 1)
  39 F   0.70085 0.25837 0.02799 0.01279 ( 1)
  40 Q   0.73168 0.23960 0.01998 0.00874 ( 1)
  41 V   0.73859 0.23497 0.01845 0.00799 ( 1)
  42 E   0.12212 0.59581 0.19939 0.08268 ( 2)
  43 L   0.69063 0.26369 0.03122 0.01445 ( 1)
  44 N   0.75241 0.22435 0.01624 0.00699 ( 1)
  45 L   0.74105 0.23337 0.01788 0.00771 ( 1)
  46 Q   0.73168 0.23960 0.01998 0.00874 ( 1)
  47 N   0.80268 0.18665 0.00770 0.00297 ( 1)
  48 A   0.00267 0.24207 0.52918 0.22607 ( 3)
  49 S   0.72216 0.24418 0.02342 0.01024 ( 1)
  50 L   0.66894 0.27450 0.03834 0.01822 ( 1)
  51 N   0.80268 0.18665 0.00770 0.00297 ( 1)
  52 H   0.77698 0.20749 0.01105 0.00448 ( 1)
  53 Q   0.73168 0.23960 0.01998 0.00874 ( 1)
  54 G   0.69601 0.26096 0.02947 0.01355 ( 1)
  55 I   0.77437 0.20918 0.01169 0.00477 ( 1)
  56 D   0.79216 0.19552 0.00884 0.00349 ( 1)
  57 K   0.77706 0.20704 0.01131 0.00459 ( 1)
  58 I   0.77327 0.21005 0.01185 0.00484 ( 1)
  59 Y   0.75288 0.22511 0.01546 0.00654 ( 1)
  60 D   0.09907 0.55454 0.24068 0.10572 ( 2)
  61 C   0.67822 0.27022 0.03507 0.01649 ( 1)
  62 Q   0.73168 0.23960 0.01998 0.00874 ( 1)
  63 G   0.15417 0.81722 0.00342 0.02519 ( 2)
  64 L   0.69063 0.26369 0.03122 0.01445 ( 1)
  65 L   0.66894 0.27450 0.03834 0.01822 ( 1)
  66 P   0.71944 0.24736 0.02297 0.01023 ( 1)
  67 P   0.73422 0.23801 0.01933 0.00843 ( 1)
  68 P   0.71787 0.24810 0.02355 0.01049 ( 1)
  69 E   0.73422 0.23770 0.01957 0.00851 ( 1)
  70 K   0.74710 0.22914 0.01665 0.00711 ( 1)
  71 L   0.67763 0.27039 0.03535 0.01663 ( 1)
  72 T   0.76074 0.21944 0.01398 0.00584 ( 1)
  73 A   0.74207 0.23286 0.01751 0.00756 ( 1)
  74 E   0.14841 0.81841 0.00395 0.02924 ( 2)
  75 V   0.06622 0.88078 0.00312 0.04988 ( 2)
  76 L   0.69228 0.26473 0.02925 0.01374 ( 1)
  77 G   0.72253 0.24546 0.02218 0.00983 ( 1)
  78 I   0.70840 0.25383 0.02601 0.01176 ( 1)
  79 I   0.77437 0.20918 0.01169 0.00477 ( 1)
  80 C   0.67822 0.27022 0.03507 0.01649 ( 1)
  81 I   0.13290 0.61214 0.18112 0.07384 ( 2)
  82 V   0.68698 0.26564 0.03234 0.01504 ( 1)
  83 L   0.66894 0.27450 0.03834 0.01822 ( 1)
  84 M   0.78145 0.20422 0.01021 0.00411 ( 1)
  85 A   0.12646 0.81815 0.00638 0.04901 ( 2)
  86 T   0.15873 0.81391 0.00332 0.02404 ( 2)
  87 V   0.70236 0.25732 0.02769 0.01262 ( 1)
  88 L   0.69063 0.26369 0.03122 0.01445 ( 1)
  89 K   0.77706 0.20704 0.01131 0.00459 ( 1)
  90 T   0.73532 0.23883 0.01790 0.00796 ( 1)
  91 I   0.77327 0.21005 0.01185 0.00484 ( 1)
  92 V   0.75466 0.22388 0.01510 0.00637 ( 1)
  93 L   0.74105 0.23337 0.01788 0.00771 ( 1)
  94 I   0.77437 0.20918 0.01169 0.00477 ( 1)
  95 P   0.73422 0.23801 0.01933 0.00843 ( 1)
  96 F   0.70085 0.25837 0.02799 0.01279 ( 1)
  97 L   0.66894 0.27450 0.03834 0.01822 ( 1)
  98 E   0.73364 0.23834 0.01951 0.00851 ( 1)
  99 Q   0.70595 0.25540 0.02659 0.01207 ( 1)
 100 N   0.74245 0.23247 0.01754 0.00755 ( 1)
 101 N   0.80268 0.18665 0.00770 0.00297 ( 1)
 102 S   0.10012 0.55580 0.23940 0.10468 ( 2)
 103 S   0.67160 0.27335 0.03735 0.01770 ( 1)
 104 P   0.69125 0.26071 0.03309 0.01496 ( 1)
 105 N   0.80268 0.18665 0.00770 0.00297 ( 1)
 106 A   0.14938 0.81584 0.00419 0.03059 ( 2)
 107 R   0.11556 0.58697 0.20908 0.08840 ( 2)
 108 T   0.69188 0.26308 0.03079 0.01424 ( 1)
 109 Q   0.70595 0.25540 0.02659 0.01207 ( 1)
 110 K   0.77706 0.20704 0.01131 0.00459 ( 1)
 111 A   0.73153 0.23973 0.01999 0.00875 ( 1)
 112 R   0.10203 0.56171 0.23413 0.10213 ( 2)
 113 H   0.16699 0.81183 0.00254 0.01863 ( 2)
 114 C   0.73696 0.23635 0.01861 0.00808 ( 1)
 115 G   0.68129 0.26865 0.03409 0.01597 ( 1)
 116 H   0.77698 0.20749 0.01105 0.00448 ( 1)
 117 C   0.73696 0.23635 0.01861 0.00808 ( 1)
 118 P   0.72979 0.24028 0.02085 0.00909 ( 1)
 119 E   0.73364 0.23834 0.01951 0.00851 ( 1)
 120 E   0.73364 0.23834 0.01951 0.00851 ( 1)
 121 W   0.67231 0.27307 0.03707 0.01755 ( 1)
 122 I   0.77437 0.20918 0.01169 0.00477 ( 1)
 123 T   0.74432 0.23104 0.01724 0.00740 ( 1)
 124 Y   0.75288 0.22511 0.01546 0.00654 ( 1)
 125 S   0.11858 0.82161 0.00660 0.05322 ( 2)
 126 N   0.74245 0.23247 0.01754 0.00755 ( 1)
 127 S   0.78332 0.20272 0.00997 0.00400 ( 1)
 128 C   0.73696 0.23635 0.01861 0.00808 ( 1)
 129 Y   0.74384 0.23015 0.01828 0.00773 ( 1)
 130 Y   0.68762 0.26442 0.03282 0.01514 ( 1)
 131 I   0.77437 0.20918 0.01169 0.00477 ( 1)
 132 G   0.74657 0.22979 0.01656 0.00708 ( 1)
 133 K   0.74710 0.22914 0.01665 0.00711 ( 1)
 134 E   0.76501 0.21637 0.01316 0.00546 ( 1)
 135 R   0.00950 0.84307 0.01767 0.12976 ( 2)
 136 R   0.75357 0.22480 0.01521 0.00643 ( 1)
 137 T   0.76074 0.21944 0.01398 0.00584 ( 1)
 138 W   0.67231 0.27307 0.03707 0.01755 ( 1)
 139 E   0.11728 0.58083 0.21341 0.08848 ( 2)
 140 E   0.73364 0.23834 0.01951 0.00851 ( 1)
 141 S   0.78332 0.20272 0.00997 0.00400 ( 1)
 142 L   0.67879 0.26986 0.03494 0.01641 ( 1)
 143 Q   0.00025 0.47269 0.05230 0.47476 ( 4)
 144 A   0.68174 0.26838 0.03398 0.01590 ( 1)
 145 C   0.73696 0.23635 0.01861 0.00808 ( 1)
 146 A   0.10809 0.57090 0.22491 0.09609 ( 2)
 147 S   0.68507 0.26557 0.03375 0.01561 ( 1)
 148 K   0.74710 0.22914 0.01665 0.00711 ( 1)
 149 N   0.74245 0.23247 0.01754 0.00755 ( 1)
 150 S   0.61851 0.27052 0.07720 0.03377 ( 1)
 151 S   0.71420 0.24781 0.02643 0.01156 ( 1)
 152 S   0.13034 0.60027 0.19224 0.07715 ( 2)
 153 L   0.66894 0.27450 0.03834 0.01822 ( 1)
 154 L   0.74105 0.23337 0.01788 0.00771 ( 1)
 155 C   0.14506 0.81940 0.00419 0.03135 ( 2)
 156 I   0.77327 0.21005 0.01185 0.00484 ( 1)
 157 D   0.79216 0.19552 0.00884 0.00349 ( 1)
 158 N   0.80268 0.18665 0.00770 0.00297 ( 1)
 159 E   0.11650 0.57919 0.21511 0.08920 ( 2)
 160 E   0.12212 0.59581 0.19939 0.08268 ( 2)
 161 E   0.76501 0.21637 0.01316 0.00546 ( 1)
 162 M   0.78145 0.20422 0.01021 0.00411 ( 1)
 163 K   0.77706 0.20704 0.01131 0.00459 ( 1)
 164 F   0.75862 0.22130 0.01415 0.00593 ( 1)
 165 L   0.66894 0.27450 0.03834 0.01822 ( 1)
 166 A   0.68174 0.26838 0.03398 0.01590 ( 1)
 167 S   0.00163 0.17250 0.57125 0.25462 ( 3)
 168 I   0.77437 0.20918 0.01169 0.00477 ( 1)
 169 L   0.07129 0.47016 0.31346 0.14509 ( 2)
 170 P   0.73002 0.24114 0.02001 0.00882 ( 1)
 171 S   0.67160 0.27335 0.03735 0.01770 ( 1)
 172 S   0.69132 0.26329 0.03104 0.01435 ( 1)
 173 W   0.67231 0.27307 0.03707 0.01755 ( 1)
 174 I   0.77437 0.20918 0.01169 0.00477 ( 1)
 175 G   0.74657 0.22979 0.01656 0.00708 ( 1)
 176 V   0.70236 0.25732 0.02769 0.01262 ( 1)
 177 F   0.75862 0.22130 0.01415 0.00593 ( 1)
 178 R   0.14805 0.81901 0.00391 0.02904 ( 2)
 179 N   0.74245 0.23247 0.01754 0.00755 ( 1)
 180 S   0.71929 0.24760 0.02290 0.01021 ( 1)
 181 S   0.78332 0.20272 0.00997 0.00400 ( 1)
 182 H   0.77698 0.20749 0.01105 0.00448 ( 1)
 183 H   0.77698 0.20749 0.01105 0.00448 ( 1)
 184 P   0.71804 0.24875 0.02292 0.01029 ( 1)
 185 W   0.67231 0.27307 0.03707 0.01755 ( 1)
 186 V   0.70236 0.25732 0.02769 0.01262 ( 1)
 187 T   0.74432 0.23104 0.01724 0.00740 ( 1)
 188 I   0.12432 0.59066 0.20236 0.08266 ( 2)
 189 N   0.80268 0.18665 0.00770 0.00297 ( 1)
 190 G   0.74657 0.22979 0.01656 0.00708 ( 1)
 191 L   0.67879 0.26986 0.03494 0.01641 ( 1)
 192 A   0.74716 0.22928 0.01651 0.00705 ( 1)
 193 F   0.70085 0.25837 0.02799 0.01279 ( 1)
 194 K   0.77706 0.20704 0.01131 0.00459 ( 1)
 195 H   0.77073 0.21047 0.01337 0.00543 ( 1)
 196 E   0.10056 0.55571 0.23933 0.10440 ( 2)
 197 I   0.77327 0.21005 0.01185 0.00484 ( 1)
 198 K   0.12898 0.59814 0.19413 0.07874 ( 2)
 199 D   0.72915 0.24135 0.02050 0.00900 ( 1)
 200 S   0.69132 0.26329 0.03104 0.01435 ( 1)
 201 D   0.79216 0.19552 0.00884 0.00349 ( 1)
 202 H   0.00439 0.33319 0.47105 0.19137 ( 3)
 203 A   0.74716 0.22928 0.01651 0.00705 ( 1)
 204 E   0.76501 0.21637 0.01316 0.00546 ( 1)
 205 R   0.00279 0.25554 0.51635 0.22532 ( 3)
 206 N   0.74245 0.23247 0.01754 0.00755 ( 1)
 207 C   0.73696 0.23635 0.01861 0.00808 ( 1)
 208 A   0.73153 0.23973 0.01999 0.00875 ( 1)
 209 M   0.10871 0.54475 0.24703 0.09951 ( 2)
 210 L   0.69717 0.26015 0.02925 0.01342 ( 1)
 211 H   0.11811 0.57550 0.21792 0.08847 ( 2)
 212 V   0.00240 0.22682 0.53789 0.23289 ( 3)
 213 R   0.00001 0.17076 0.09830 0.73093 ( 4)
 214 G   0.09281 0.53709 0.25640 0.11370 ( 2)
 215 L   0.74105 0.23337 0.01788 0.00771 ( 1)
 216 I   0.12487 0.59203 0.20099 0.08211 ( 2)
 217 S   0.69132 0.26329 0.03104 0.01435 ( 1)
 218 D   0.08344 0.49827 0.29062 0.12766 ( 2)
 219 Q   0.70595 0.25540 0.02659 0.01207 ( 1)
 220 C   0.73696 0.23635 0.01861 0.00808 ( 1)
 221 G   0.72693 0.24110 0.02231 0.00966 ( 1)
 222 S   0.73217 0.23939 0.01979 0.00865 ( 1)
 223 S   0.69132 0.26329 0.03104 0.01435 ( 1)
 224 R   0.00000 0.01723 0.69060 0.29216 ( 3)
 225 I   0.74272 0.23202 0.01739 0.00786 ( 1)
 226 I   0.00280 0.24229 0.53600 0.21891 ( 3)
 227 R   0.00092 0.08760 0.64019 0.27129 ( 3)
 228 R   0.03967 0.37039 0.40064 0.18930 ( 3)
 229 G   0.00012 0.07130 0.64997 0.27860 ( 3)
 230 F   0.00300 0.27903 0.49271 0.22526 ( 3)
 231 I   0.00035 0.49610 0.05697 0.44658 ( 2)
 232 M   0.01874 0.28952 0.49299 0.19875 ( 3)
 233 L   0.00108 0.13119 0.59032 0.27741 ( 3)
 234 T   0.01654 0.19850 0.53666 0.24829 ( 3)
 235 R   0.61736 0.27167 0.07706 0.03391 ( 1)
 236 L   0.60260 0.28643 0.07521 0.03575 ( 1)
 237 V   0.60681 0.28222 0.07574 0.03523 ( 1)
 238 L   0.60485 0.28418 0.07550 0.03547 ( 1)
 239 N   0.62148 0.26756 0.07757 0.03340 ( 1)
 240 S   0.60319 0.28585 0.07529 0.03568 ( 1)
