   1 -   0.62645 0.27554 0.06954 0.02847 ( 1)
   2 -   0.62645 0.27554 0.06954 0.02847 ( 1)
   3 -   0.62645 0.27554 0.06954 0.02847 ( 1)
   4 -   0.62645 0.27554 0.06954 0.02847 ( 1)
   5 -   0.62645 0.27554 0.06954 0.02847 ( 1)
   6 -   0.62645 0.27554 0.06954 0.02847 ( 1)
   7 -   0.62645 0.27554 0.06954 0.02847 ( 1)
   8 -   0.62645 0.27554 0.06954 0.02847 ( 1)
   9 -   0.62645 0.27554 0.06954 0.02847 ( 1)
  10 -   0.62645 0.27554 0.06954 0.02847 ( 1)
  11 -   0.62645 0.27554 0.06954 0.02847 ( 1)
  12 -   0.62645 0.27554 0.06954 0.02847 ( 1)
  13 -   0.62645 0.27554 0.06954 0.02847 ( 1)
  14 -   0.62645 0.27554 0.06954 0.02847 ( 1)
  15 -   0.62645 0.27554 0.06954 0.02847 ( 1)
  16 -   0.62645 0.27554 0.06954 0.02847 ( 1)
  17 -   0.62645 0.27554 0.06954 0.02847 ( 1)
  18 -   0.62645 0.27554 0.06954 0.02847 ( 1)
  19 -   0.62645 0.27554 0.06954 0.02847 ( 1)
  20 -   0.62645 0.27554 0.06954 0.02847 ( 1)
  21 -   0.62645 0.27554 0.06954 0.02847 ( 1)
  22 -   0.62645 0.27554 0.06954 0.02847 ( 1)
  23 -   0.62645 0.27554 0.06954 0.02847 ( 1)
  24 -   0.62645 0.27554 0.06954 0.02847 ( 1)
  25 -   0.62645 0.27554 0.06954 0.02847 ( 1)
  26 -   0.62645 0.27554 0.06954 0.02847 ( 1)
  27 -   0.62645 0.27554 0.06954 0.02847 ( 1)
  28 -   0.62645 0.27554 0.06954 0.02847 ( 1)
  29 -   0.62645 0.27554 0.06954 0.02847 ( 1)
  30 -   0.62645 0.27554 0.06954 0.02847 ( 1)
  31 -   0.62645 0.27554 0.06954 0.02847 ( 1)
  32 -   0.62645 0.27554 0.06954 0.02847 ( 1)
  33 -   0.62645 0.27554 0.06954 0.02847 ( 1)
  34 -   0.62645 0.27554 0.06954 0.02847 ( 1)
  35 -   0.62645 0.27554 0.06954 0.02847 ( 1)
  36 M   0.79880 0.18779 0.01035 0.00305 ( 1)
  37 S   0.10895 0.76098 0.04596 0.08411 ( 2)
  38 K   0.79566 0.18973 0.01126 0.00335 ( 1)
  39 Q   0.75720 0.21804 0.01866 0.00611 ( 1)
  40 R   0.77497 0.20570 0.01471 0.00462 ( 1)
  41 G   0.74772 0.22428 0.02098 0.00701 ( 1)
  42 T   0.72639 0.23760 0.02665 0.00936 ( 1)
  43 F   0.73147 0.23430 0.02543 0.00880 ( 1)
  44 S   0.71989 0.24020 0.02950 0.01041 ( 1)
  45 E   0.78485 0.19826 0.01293 0.00396 ( 1)
  46 V   0.73023 0.23481 0.02596 0.00900 ( 1)
  47 S   0.80043 0.18646 0.01014 0.00298 ( 1)
  48 L   0.70187 0.24974 0.03544 0.01295 ( 1)
  49 A   0.71489 0.24331 0.03080 0.01100 ( 1)
  50 Q   0.73454 0.23241 0.02459 0.00845 ( 1)
  51 D   0.75573 0.21913 0.01892 0.00622 ( 1)
  52 P   0.74580 0.22548 0.02150 0.00722 ( 1)
  53 K   0.76954 0.20942 0.01597 0.00508 ( 1)
  54 W   0.13248 0.30815 0.41394 0.14543 ( 3)
  55 Q   0.73504 0.23191 0.02461 0.00843 ( 1)
  56 Q   0.75720 0.21804 0.01866 0.00611 ( 1)
  57 R   0.75263 0.22121 0.01966 0.00650 ( 1)
  58 K   0.79566 0.18973 0.01126 0.00335 ( 1)
  59 P   0.75860 0.21716 0.01827 0.00596 ( 1)
  60 K   0.79566 0.18973 0.01126 0.00335 ( 1)
  61 G   0.71904 0.24217 0.02857 0.01021 ( 1)
  62 N   0.81754 0.17209 0.00810 0.00227 ( 1)
  63 K   0.79566 0.18973 0.01126 0.00335 ( 1)
  64 S   0.19999 0.44920 0.26200 0.08881 ( 2)
  65 S   0.70593 0.24788 0.03389 0.01230 ( 1)
  66 I   0.79321 0.19169 0.01162 0.00348 ( 1)
  67 S   0.72135 0.23972 0.02878 0.01015 ( 1)
  68 G   0.20446 0.45304 0.25654 0.08596 ( 2)
  69 T   0.72334 0.23866 0.02812 0.00988 ( 1)
  70 E   0.78485 0.19826 0.01293 0.00396 ( 1)
  71 Q   0.73454 0.23241 0.02459 0.00845 ( 1)
  72 E   0.78485 0.19826 0.01293 0.00396 ( 1)
  73 I   0.79150 0.19304 0.01188 0.00358 ( 1)
  74 F   0.73147 0.23430 0.02543 0.00880 ( 1)
  75 Q   0.75720 0.21804 0.01866 0.00611 ( 1)
  76 V   0.76210 0.21463 0.01758 0.00569 ( 1)
  77 E   0.26087 0.50923 0.17497 0.05493 ( 2)
  78 L   0.72185 0.23949 0.02859 0.01007 ( 1)
  79 N   0.77806 0.20031 0.01663 0.00499 ( 1)
  80 L   0.76443 0.21307 0.01701 0.00548 ( 1)
  81 Q   0.75720 0.21804 0.01866 0.00611 ( 1)
  82 N   0.81754 0.17209 0.00810 0.00227 ( 1)
  83 A   0.11113 0.86049 0.00364 0.02475 ( 2)
  84 S   0.74897 0.22619 0.01850 0.00635 ( 1)
  85 L   0.70187 0.24974 0.03544 0.01295 ( 1)
  86 N   0.81754 0.17209 0.00810 0.00227 ( 1)
  87 H   0.79512 0.19050 0.01108 0.00330 ( 1)
  88 Q   0.75720 0.21804 0.01866 0.00611 ( 1)
  89 G   0.72433 0.23829 0.02768 0.00971 ( 1)
  90 I   0.79321 0.19169 0.01162 0.00348 ( 1)
  91 D   0.80810 0.18012 0.00915 0.00263 ( 1)
  92 K   0.79566 0.18973 0.01126 0.00335 ( 1)
  93 I   0.79150 0.19304 0.01188 0.00358 ( 1)
  94 Y   0.77428 0.20603 0.01498 0.00471 ( 1)
  95 D   0.31189 0.66038 0.00792 0.01981 ( 2)
  96 C   0.71114 0.24535 0.03200 0.01151 ( 1)
  97 Q   0.75720 0.21804 0.01866 0.00611 ( 1)
  98 G   0.23377 0.48000 0.21704 0.06919 ( 2)
  99 L   0.72185 0.23949 0.02859 0.01007 ( 1)
 100 L   0.70187 0.24974 0.03544 0.01295 ( 1)
 101 P   0.74580 0.22548 0.02150 0.00722 ( 1)
 102 P   0.75860 0.21716 0.01827 0.00596 ( 1)
 103 P   0.74443 0.22685 0.02146 0.00726 ( 1)
 104 E   0.75699 0.21734 0.01934 0.00633 ( 1)
 105 K   0.76954 0.20942 0.01597 0.00508 ( 1)
 106 L   0.71124 0.24516 0.03207 0.01153 ( 1)
 107 T   0.78141 0.20075 0.01362 0.00421 ( 1)
 108 A   0.76543 0.21275 0.01649 0.00533 ( 1)
 109 E   0.22195 0.47178 0.23078 0.07549 ( 2)
 110 V   0.04691 0.20065 0.55008 0.20237 ( 3)
 111 L   0.72233 0.23831 0.02916 0.01020 ( 1)
 112 G   0.74772 0.22428 0.02098 0.00701 ( 1)
 113 I   0.73820 0.23005 0.02368 0.00808 ( 1)
 114 I   0.79321 0.19169 0.01162 0.00348 ( 1)
 115 C   0.71114 0.24535 0.03200 0.01151 ( 1)
 116 I   0.34374 0.63879 0.00511 0.01236 ( 2)
 117 V   0.71941 0.24084 0.02936 0.01039 ( 1)
 118 L   0.70187 0.24974 0.03544 0.01295 ( 1)
 119 M   0.79880 0.18779 0.01035 0.00305 ( 1)
 120 A   0.17507 0.42425 0.29494 0.10574 ( 2)
 121 T   0.23982 0.47666 0.21640 0.06713 ( 2)
 122 V   0.73023 0.23481 0.02596 0.00900 ( 1)
 123 L   0.72185 0.23949 0.02859 0.01007 ( 1)
 124 K   0.79566 0.18973 0.01126 0.00335 ( 1)
 125 T   0.75964 0.21572 0.01860 0.00604 ( 1)
 126 I   0.79150 0.19304 0.01188 0.00358 ( 1)
 127 V   0.77598 0.20482 0.01462 0.00458 ( 1)
 128 L   0.76443 0.21307 0.01701 0.00548 ( 1)
 129 I   0.79321 0.19169 0.01162 0.00348 ( 1)
 130 P   0.75860 0.21716 0.01827 0.00596 ( 1)
 131 F   0.73147 0.23430 0.02543 0.00880 ( 1)
 132 L   0.70187 0.24974 0.03544 0.01295 ( 1)
 133 E   0.75752 0.21784 0.01857 0.00607 ( 1)
 134 Q   0.73454 0.23241 0.02459 0.00845 ( 1)
 135 N   0.76738 0.21106 0.01634 0.00523 ( 1)
 136 N   0.81754 0.17209 0.00810 0.00227 ( 1)
 137 S   0.31202 0.66047 0.00785 0.01966 ( 2)
 138 S   0.70593 0.24788 0.03389 0.01230 ( 1)
 139 P   0.72171 0.24072 0.02772 0.00986 ( 1)
 140 N   0.81754 0.17209 0.00810 0.00227 ( 1)
 141 A   0.21548 0.45477 0.24936 0.08039 ( 2)
 142 R   0.32668 0.65150 0.00629 0.01553 ( 2)
 143 T   0.72379 0.23821 0.02814 0.00986 ( 1)
 144 Q   0.73454 0.23241 0.02459 0.00845 ( 1)
 145 K   0.79566 0.18973 0.01126 0.00335 ( 1)
 146 A   0.75618 0.21874 0.01888 0.00620 ( 1)
 147 R   0.22648 0.48392 0.21756 0.07204 ( 2)
 148 H   0.25643 0.48457 0.19937 0.05963 ( 2)
 149 C   0.76022 0.21621 0.01778 0.00578 ( 1)
 150 G   0.71399 0.24384 0.03106 0.01111 ( 1)
 151 H   0.79512 0.19050 0.01108 0.00330 ( 1)
 152 C   0.76022 0.21621 0.01778 0.00578 ( 1)
 153 P   0.75479 0.21895 0.01980 0.00647 ( 1)
 154 E   0.75752 0.21784 0.01857 0.00607 ( 1)
 155 E   0.75752 0.21784 0.01857 0.00607 ( 1)
 156 W   0.70483 0.24848 0.03424 0.01245 ( 1)
 157 I   0.79321 0.19169 0.01162 0.00348 ( 1)
 158 T   0.76721 0.21102 0.01649 0.00528 ( 1)
 159 Y   0.77428 0.20603 0.01498 0.00471 ( 1)
 160 S   0.15582 0.39424 0.32937 0.12057 ( 2)
 161 N   0.76738 0.21106 0.01634 0.00523 ( 1)
 162 S   0.80043 0.18646 0.01014 0.00298 ( 1)
 163 C   0.76022 0.21621 0.01778 0.00578 ( 1)
 164 Y   0.76594 0.21432 0.01483 0.00491 ( 1)
 165 Y   0.71993 0.24094 0.02888 0.01025 ( 1)
 166 I   0.79321 0.19169 0.01162 0.00348 ( 1)
 167 G   0.76847 0.21045 0.01599 0.00510 ( 1)
 168 K   0.76954 0.20942 0.01597 0.00508 ( 1)
 169 E   0.78485 0.19826 0.01293 0.00396 ( 1)
 170 R   0.02506 0.23493 0.55555 0.18445 ( 3)
 171 R   0.77497 0.20570 0.01471 0.00462 ( 1)
 172 T   0.78141 0.20075 0.01362 0.00421 ( 1)
 173 W   0.70483 0.24848 0.03424 0.01245 ( 1)
 174 E   0.25087 0.49277 0.19527 0.06109 ( 2)
 175 E   0.75752 0.21784 0.01857 0.00607 ( 1)
 176 S   0.80043 0.18646 0.01014 0.00298 ( 1)
 177 L   0.71109 0.24529 0.03208 0.01154 ( 1)
 178 Q   0.00050 0.02479 0.69845 0.27626 ( 3)
 179 A   0.71489 0.24331 0.03080 0.01100 ( 1)
 180 C   0.76022 0.21621 0.01778 0.00578 ( 1)
 181 A   0.30893 0.62433 0.04086 0.02588 ( 2)
 182 S   0.71654 0.24447 0.02862 0.01037 ( 1)
 183 K   0.76954 0.20942 0.01597 0.00508 ( 1)
 184 N   0.76738 0.21106 0.01634 0.00523 ( 1)
 185 S   0.67231 0.27158 0.03989 0.01622 ( 1)
 186 S   0.74217 0.23290 0.01838 0.00655 ( 1)
 187 S   0.34036 0.64378 0.00453 0.01134 ( 2)
 188 L   0.70187 0.24974 0.03544 0.01295 ( 1)
 189 L   0.76443 0.21307 0.01701 0.00548 ( 1)
 190 C   0.21178 0.45704 0.24924 0.08194 ( 2)
 191 I   0.79150 0.19304 0.01188 0.00358 ( 1)
 192 D   0.80810 0.18012 0.00915 0.00263 ( 1)
 193 N   0.81754 0.17209 0.00810 0.00227 ( 1)
 194 E   0.25279 0.50063 0.18715 0.05943 ( 2)
 195 E   0.26087 0.50923 0.17497 0.05493 ( 2)
 196 E   0.78485 0.19826 0.01293 0.00396 ( 1)
 197 M   0.79880 0.18779 0.01035 0.00305 ( 1)
 198 K   0.79566 0.18973 0.01126 0.00335 ( 1)
 199 F   0.77966 0.20237 0.01372 0.00426 ( 1)
 200 L   0.70187 0.24974 0.03544 0.01295 ( 1)
 201 A   0.71489 0.24331 0.03080 0.01100 ( 1)
 202 S   0.07425 0.68749 0.07547 0.16278 ( 2)
 203 I   0.79321 0.19169 0.01162 0.00348 ( 1)
 204 L   0.28171 0.67625 0.01156 0.03048 ( 2)
 205 P   0.75497 0.21988 0.01891 0.00625 ( 1)
 206 S   0.70593 0.24788 0.03389 0.01230 ( 1)
 207 S   0.72135 0.23972 0.02878 0.01015 ( 1)
 208 W   0.70483 0.24848 0.03424 0.01245 ( 1)
 209 I   0.79321 0.19169 0.01162 0.00348 ( 1)
 210 G   0.76847 0.21045 0.01599 0.00510 ( 1)
 211 V   0.73023 0.23481 0.02596 0.00900 ( 1)
 212 F   0.77966 0.20237 0.01372 0.00426 ( 1)
 213 R   0.22137 0.47144 0.23147 0.07571 ( 2)
 214 N   0.76738 0.21106 0.01634 0.00523 ( 1)
 215 S   0.74719 0.22476 0.02101 0.00703 ( 1)
 216 S   0.80043 0.18646 0.01014 0.00298 ( 1)
 217 H   0.79512 0.19050 0.01108 0.00330 ( 1)
 218 H   0.79512 0.19050 0.01108 0.00330 ( 1)
 219 P   0.74459 0.22598 0.02203 0.00740 ( 1)
 220 W   0.70483 0.24848 0.03424 0.01245 ( 1)
 221 V   0.73023 0.23481 0.02596 0.00900 ( 1)
 222 T   0.76721 0.21102 0.01649 0.00528 ( 1)
 223 I   0.33523 0.64686 0.00511 0.01280 ( 2)
 224 N   0.81754 0.17209 0.00810 0.00227 ( 1)
 225 G   0.76847 0.21045 0.01599 0.00510 ( 1)
 226 L   0.71109 0.24529 0.03208 0.01154 ( 1)
 227 A   0.76969 0.20947 0.01581 0.00503 ( 1)
 228 F   0.73147 0.23430 0.02543 0.00880 ( 1)
 229 K   0.79566 0.18973 0.01126 0.00335 ( 1)
 230 H   0.78936 0.19291 0.01364 0.00409 ( 1)
 231 E   0.31218 0.66040 0.00782 0.01961 ( 2)
 232 I   0.79150 0.19304 0.01188 0.00358 ( 1)
 233 K   0.34096 0.64168 0.00501 0.01235 ( 2)
 234 D   0.75573 0.21913 0.01892 0.00622 ( 1)
 235 S   0.72135 0.23972 0.02878 0.01015 ( 1)
 236 D   0.80810 0.18012 0.00915 0.00263 ( 1)
 237 H   0.10781 0.76841 0.04308 0.08070 ( 2)
 238 A   0.76969 0.20947 0.01581 0.00503 ( 1)
 239 E   0.78485 0.19826 0.01293 0.00396 ( 1)
 240 R   0.05047 0.45406 0.34310 0.15237 ( 2)
 241 N   0.76738 0.21106 0.01634 0.00523 ( 1)
 242 C   0.76022 0.21621 0.01778 0.00578 ( 1)
 243 A   0.75618 0.21874 0.01888 0.00620 ( 1)
 244 M   0.31073 0.63268 0.03536 0.02123 ( 2)
 245 L   0.72715 0.23652 0.02693 0.00939 ( 1)
 246 H   0.32311 0.63483 0.02428 0.01778 ( 2)
 247 V   0.02139 0.21537 0.56488 0.19836 ( 3)
 248 R   0.00930 0.67058 0.05322 0.26689 ( 2)
 249 G   0.30377 0.66557 0.00866 0.02201 ( 2)
 250 L   0.76443 0.21307 0.01701 0.00548 ( 1)
 251 I   0.32921 0.62226 0.02908 0.01945 ( 2)
 252 S   0.72135 0.23972 0.02878 0.01015 ( 1)
 253 D   0.28892 0.65390 0.02983 0.02736 ( 2)
 254 Q   0.73454 0.23241 0.02459 0.00845 ( 1)
 255 C   0.76022 0.21621 0.01778 0.00578 ( 1)
 256 G   0.75125 0.22260 0.01960 0.00655 ( 1)
 257 S   0.75688 0.21835 0.01866 0.00611 ( 1)
 258 S   0.72135 0.23972 0.02878 0.01015 ( 1)
 259 R   0.00399 0.34041 0.16797 0.48763 ( 4)
 260 I   0.76374 0.20264 0.02574 0.00788 ( 1)
 261 I   0.02439 0.22754 0.56241 0.18566 ( 3)
 262 R   0.00289 0.05331 0.71008 0.23372 ( 3)
 263 R   0.07686 0.24227 0.50765 0.17321 ( 3)
 264 G   0.00163 0.05057 0.70223 0.24558 ( 3)
 265 F   0.01744 0.16800 0.61550 0.19906 ( 3)
 266 I   0.00076 0.03099 0.71831 0.24995 ( 3)
 267 M   0.06549 0.29646 0.47880 0.15925 ( 3)
 268 L   0.03642 0.41310 0.35414 0.19634 ( 2)
 269 T   0.13185 0.50449 0.22962 0.13404 ( 2)
 270 R   0.67064 0.27193 0.04083 0.01661 ( 1)
 271 L   0.65157 0.27455 0.05247 0.02140 ( 1)
 272 V   0.65796 0.27385 0.04845 0.01974 ( 1)
 273 L   0.65490 0.27424 0.05034 0.02052 ( 1)
 274 N   0.67648 0.27066 0.03759 0.01528 ( 1)
 275 S   0.65303 0.27443 0.05152 0.02101 ( 1)

