IQ-TREE multicore version 1.6.11 for Linux 64-bit built Jun  6 2019
Developed by Bui Quang Minh, Nguyen Lam Tung, Olga Chernomor,
Heiko Schmidt, Dominik Schrempf, Michael Woodhams.

Host:    ocelot.grid.gs.washington.edu (AVX512, FMA3, 2015 GB RAM)
Command: iqtree -s KLRC.cds.nt_ali.fasta.rmchimp2b.fa -bb 1000 -redo -nt 12 -m MFPMERGE
Seed:    869848 (Using SPRNG - Scalable Parallel Random Number Generator)
Time:    Fri Oct 14 03:52:46 2022
Kernel:  AVX+FMA - 12 threads (160 CPU cores detected)

Reading alignment file KLRC.cds.nt_ali.fasta.rmchimp2b.fa ... Fasta format detected
Alignment most likely contains DNA/RNA sequences
Alignment has 7 sequences with 720 columns, 77 distinct patterns
51 parsimony-informative, 45 singleton sites, 624 constant sites
                 Gap/Ambiguity  Composition  p-value
   1  Human_KLRC3        0.00%    passed     96.56%
   2  Human_KLRC2        3.75%    passed     97.04%
   3  Bonobo_KLRC3       0.00%    passed     91.84%
   4  Chimp_KLRC3        0.00%    passed     93.07%
   5  Chimp_KLRC2a       2.92%    passed     95.94%
   6  Gorilla_KLRC2      3.75%    passed     99.21%
   7  Orangutan_KLRC2    3.75%    passed     88.40%
****  TOTAL              2.02%  0 sequences failed composition chi2 test (p-value<5%; df=3)


Create initial parsimony tree by phylogenetic likelihood library (PLL)... 0.000 seconds
NOTE: ModelFinder requires 0 MB RAM!
ModelFinder will test 286 DNA models (sample size: 720) ...
 No. Model         -LnL         df  AIC          AICc         BIC
WARNING: 12 threads for alignment length 77 will slow down analysis
WARNING: Number of threads seems too high for short alignments. Use -nt AUTO to determine best number of threads.
  1  JC            1689.423     11  3400.846     3401.219     3451.218
WARNING: 12 threads for alignment length 77 will slow down analysis
WARNING: Number of threads seems too high for short alignments. Use -nt AUTO to determine best number of threads.
  2  JC+I          1680.995     12  3385.990     3386.431     3440.941
WARNING: 12 threads for alignment length 77 will slow down analysis
WARNING: Number of threads seems too high for short alignments. Use -nt AUTO to determine best number of threads.
  3  JC+G4         1681.102     12  3386.204     3386.645     3441.155
WARNING: 12 threads for alignment length 77 will slow down analysis
WARNING: Number of threads seems too high for short alignments. Use -nt AUTO to determine best number of threads.
  4  JC+I+G4       1681.162     13  3388.323     3388.839     3447.853
WARNING: 12 threads for alignment length 77 will slow down analysis
WARNING: Number of threads seems too high for short alignments. Use -nt AUTO to determine best number of threads.
  5  JC+R2         1681.451     13  3388.903     3389.418     3448.433
WARNING: 12 threads for alignment length 77 will slow down analysis
WARNING: Number of threads seems too high for short alignments. Use -nt AUTO to determine best number of threads.
  6  JC+R3         1681.104     15  3392.208     3392.890     3460.897
WARNING: 12 threads for alignment length 77 will slow down analysis
WARNING: Number of threads seems too high for short alignments. Use -nt AUTO to determine best number of threads.
 14  F81+F         1677.314     14  3382.628     3383.223     3446.737
WARNING: 12 threads for alignment length 77 will slow down analysis
WARNING: Number of threads seems too high for short alignments. Use -nt AUTO to determine best number of threads.
 15  F81+F+I       1668.774     15  3367.547     3368.229     3436.236
WARNING: 12 threads for alignment length 77 will slow down analysis
WARNING: Number of threads seems too high for short alignments. Use -nt AUTO to determine best number of threads.
 16  F81+F+G4      1668.861     15  3367.723     3368.404     3436.411
WARNING: 12 threads for alignment length 77 will slow down analysis
WARNING: Number of threads seems too high for short alignments. Use -nt AUTO to determine best number of threads.
 17  F81+F+I+G4    1668.907     16  3369.815     3370.589     3443.083
WARNING: 12 threads for alignment length 77 will slow down analysis
WARNING: Number of threads seems too high for short alignments. Use -nt AUTO to determine best number of threads.
 18  F81+F+R2      1669.179     16  3370.358     3371.132     3443.626
WARNING: 12 threads for alignment length 77 will slow down analysis
WARNING: Number of threads seems too high for short alignments. Use -nt AUTO to determine best number of threads.
 19  F81+F+R3      1668.851     18  3373.703     3374.678     3456.129
WARNING: 12 threads for alignment length 77 will slow down analysis
WARNING: Number of threads seems too high for short alignments. Use -nt AUTO to determine best number of threads.
 27  K2P           1679.081     12  3382.162     3382.604     3437.113
WARNING: 12 threads for alignment length 77 will slow down analysis
WARNING: Number of threads seems too high for short alignments. Use -nt AUTO to determine best number of threads.
 28  K2P+I         1669.940     13  3365.880     3366.396     3425.410
WARNING: 12 threads for alignment length 77 will slow down analysis
WARNING: Number of threads seems too high for short alignments. Use -nt AUTO to determine best number of threads.
 29  K2P+G4        1670.000     13  3366.001     3366.516     3425.531
WARNING: 12 threads for alignment length 77 will slow down analysis
WARNING: Number of threads seems too high for short alignments. Use -nt AUTO to determine best number of threads.
 30  K2P+I+G4      1670.047     14  3368.093     3368.689     3432.203
WARNING: 12 threads for alignment length 77 will slow down analysis
WARNING: Number of threads seems too high for short alignments. Use -nt AUTO to determine best number of threads.
 31  K2P+R2        1670.368     14  3368.736     3369.331     3432.845
WARNING: 12 threads for alignment length 77 will slow down analysis
WARNING: Number of threads seems too high for short alignments. Use -nt AUTO to determine best number of threads.
 32  K2P+R3        1670.020     16  3372.040     3372.814     3445.308
WARNING: 12 threads for alignment length 77 will slow down analysis
WARNING: Number of threads seems too high for short alignments. Use -nt AUTO to determine best number of threads.
 40  HKY+F         1666.281     15  3362.562     3363.243     3431.250
WARNING: 12 threads for alignment length 77 will slow down analysis
WARNING: Number of threads seems too high for short alignments. Use -nt AUTO to determine best number of threads.
 41  HKY+F+I       1657.106     16  3346.212     3346.986     3419.480
WARNING: 12 threads for alignment length 77 will slow down analysis
WARNING: Number of threads seems too high for short alignments. Use -nt AUTO to determine best number of threads.
 42  HKY+F+G4      1657.130     16  3346.260     3347.034     3419.528
WARNING: 12 threads for alignment length 77 will slow down analysis
WARNING: Number of threads seems too high for short alignments. Use -nt AUTO to determine best number of threads.
 43  HKY+F+I+G4    1657.142     17  3348.284     3349.156     3426.131
WARNING: 12 threads for alignment length 77 will slow down analysis
WARNING: Number of threads seems too high for short alignments. Use -nt AUTO to determine best number of threads.
 44  HKY+F+R2      1657.469     17  3348.937     3349.809     3426.784
WARNING: 12 threads for alignment length 77 will slow down analysis
WARNING: Number of threads seems too high for short alignments. Use -nt AUTO to determine best number of threads.
 45  HKY+F+R3      1657.141     19  3352.283     3353.369     3439.289
WARNING: 12 threads for alignment length 77 will slow down analysis
WARNING: Number of threads seems too high for short alignments. Use -nt AUTO to determine best number of threads.
 53  TNe           1677.988     13  3381.975     3382.491     3441.505
WARNING: 12 threads for alignment length 77 will slow down analysis
WARNING: Number of threads seems too high for short alignments. Use -nt AUTO to determine best number of threads.
 54  TNe+I         1669.084     14  3366.169     3366.764     3430.278
WARNING: 12 threads for alignment length 77 will slow down analysis
WARNING: Number of threads seems too high for short alignments. Use -nt AUTO to determine best number of threads.
 55  TNe+G4        1669.136     14  3366.272     3366.867     3430.381
WARNING: 12 threads for alignment length 77 will slow down analysis
WARNING: Number of threads seems too high for short alignments. Use -nt AUTO to determine best number of threads.
 56  TNe+I+G4      1669.176     15  3368.351     3369.033     3437.040
WARNING: 12 threads for alignment length 77 will slow down analysis
WARNING: Number of threads seems too high for short alignments. Use -nt AUTO to determine best number of threads.
 57  TNe+R2        1669.342     15  3368.683     3369.365     3437.372
WARNING: 12 threads for alignment length 77 will slow down analysis
WARNING: Number of threads seems too high for short alignments. Use -nt AUTO to determine best number of threads.
 58  TNe+R3        1669.116     17  3372.232     3373.104     3450.079
WARNING: 12 threads for alignment length 77 will slow down analysis
WARNING: Number of threads seems too high for short alignments. Use -nt AUTO to determine best number of threads.
 66  TN+F          1665.689     16  3363.378     3364.152     3436.646
WARNING: 12 threads for alignment length 77 will slow down analysis
WARNING: Number of threads seems too high for short alignments. Use -nt AUTO to determine best number of threads.
 67  TN+F+I        1656.691     17  3347.383     3348.255     3425.230
WARNING: 12 threads for alignment length 77 will slow down analysis
WARNING: Number of threads seems too high for short alignments. Use -nt AUTO to determine best number of threads.
 68  TN+F+G4       1656.711     17  3347.422     3348.294     3425.269
WARNING: 12 threads for alignment length 77 will slow down analysis
WARNING: Number of threads seems too high for short alignments. Use -nt AUTO to determine best number of threads.
 69  TN+F+I+G4     1656.721     18  3349.442     3350.418     3431.868
WARNING: 12 threads for alignment length 77 will slow down analysis
WARNING: Number of threads seems too high for short alignments. Use -nt AUTO to determine best number of threads.
 70  TN+F+R2       1656.921     18  3349.842     3350.818     3432.269
WARNING: 12 threads for alignment length 77 will slow down analysis
WARNING: Number of threads seems too high for short alignments. Use -nt AUTO to determine best number of threads.
 71  TN+F+R3       1656.705     20  3353.410     3354.611     3444.995
WARNING: 12 threads for alignment length 77 will slow down analysis
WARNING: Number of threads seems too high for short alignments. Use -nt AUTO to determine best number of threads.
 79  K3P           1677.610     13  3381.219     3381.735     3440.749
WARNING: 12 threads for alignment length 77 will slow down analysis
WARNING: Number of threads seems too high for short alignments. Use -nt AUTO to determine best number of threads.
 80  K3P+I         1668.464     14  3364.928     3365.524     3429.038
WARNING: 12 threads for alignment length 77 will slow down analysis
WARNING: Number of threads seems too high for short alignments. Use -nt AUTO to determine best number of threads.
 81  K3P+G4        1668.519     14  3365.038     3365.634     3429.148
WARNING: 12 threads for alignment length 77 will slow down analysis
WARNING: Number of threads seems too high for short alignments. Use -nt AUTO to determine best number of threads.
 82  K3P+I+G4      1668.559     15  3367.118     3367.799     3435.806
WARNING: 12 threads for alignment length 77 will slow down analysis
WARNING: Number of threads seems too high for short alignments. Use -nt AUTO to determine best number of threads.
 83  K3P+R2        1668.700     15  3367.399     3368.081     3436.088
WARNING: 12 threads for alignment length 77 will slow down analysis
WARNING: Number of threads seems too high for short alignments. Use -nt AUTO to determine best number of threads.
 84  K3P+R3        1668.499     17  3370.998     3371.870     3448.845
WARNING: 12 threads for alignment length 77 will slow down analysis
WARNING: Number of threads seems too high for short alignments. Use -nt AUTO to determine best number of threads.
 92  K3Pu+F        1665.182     16  3362.364     3363.137     3435.632
WARNING: 12 threads for alignment length 77 will slow down analysis
WARNING: Number of threads seems too high for short alignments. Use -nt AUTO to determine best number of threads.
 93  K3Pu+F+I      1655.993     17  3345.986     3346.858     3423.833
WARNING: 12 threads for alignment length 77 will slow down analysis
WARNING: Number of threads seems too high for short alignments. Use -nt AUTO to determine best number of threads.
 94  K3Pu+F+G4     1656.018     17  3346.037     3346.908     3423.884
WARNING: 12 threads for alignment length 77 will slow down analysis
WARNING: Number of threads seems too high for short alignments. Use -nt AUTO to determine best number of threads.
 95  K3Pu+F+I+G4   1656.027     18  3348.055     3349.031     3430.481
WARNING: 12 threads for alignment length 77 will slow down analysis
WARNING: Number of threads seems too high for short alignments. Use -nt AUTO to determine best number of threads.
 96  K3Pu+F+R2     1656.190     18  3348.380     3349.356     3430.807
WARNING: 12 threads for alignment length 77 will slow down analysis
WARNING: Number of threads seems too high for short alignments. Use -nt AUTO to determine best number of threads.
 97  K3Pu+F+R3     1656.009     20  3352.018     3353.220     3443.603
WARNING: 12 threads for alignment length 77 will slow down analysis
WARNING: Number of threads seems too high for short alignments. Use -nt AUTO to determine best number of threads.
105  TPM2+F        1666.272     16  3364.545     3365.319     3437.813
WARNING: 12 threads for alignment length 77 will slow down analysis
WARNING: Number of threads seems too high for short alignments. Use -nt AUTO to determine best number of threads.
106  TPM2+F+I      1657.102     17  3348.203     3349.075     3426.051
WARNING: 12 threads for alignment length 77 will slow down analysis
WARNING: Number of threads seems too high for short alignments. Use -nt AUTO to determine best number of threads.
107  TPM2+F+G4     1657.125     17  3348.250     3349.122     3426.098
WARNING: 12 threads for alignment length 77 will slow down analysis
WARNING: Number of threads seems too high for short alignments. Use -nt AUTO to determine best number of threads.
108  TPM2+F+I+G4   1657.136     18  3350.272     3351.248     3432.699
WARNING: 12 threads for alignment length 77 will slow down analysis
WARNING: Number of threads seems too high for short alignments. Use -nt AUTO to determine best number of threads.
109  TPM2+F+R2     1657.258     18  3350.517     3351.493     3432.943
WARNING: 12 threads for alignment length 77 will slow down analysis
WARNING: Number of threads seems too high for short alignments. Use -nt AUTO to determine best number of threads.
110  TPM2+F+R3     1657.115     20  3354.230     3355.431     3445.815
WARNING: 12 threads for alignment length 77 will slow down analysis
WARNING: Number of threads seems too high for short alignments. Use -nt AUTO to determine best number of threads.
118  TPM2u+F       1666.272     16  3364.545     3365.319     3437.813
WARNING: 12 threads for alignment length 77 will slow down analysis
WARNING: Number of threads seems too high for short alignments. Use -nt AUTO to determine best number of threads.
119  TPM2u+F+I     1657.102     17  3348.203     3349.075     3426.051
WARNING: 12 threads for alignment length 77 will slow down analysis
WARNING: Number of threads seems too high for short alignments. Use -nt AUTO to determine best number of threads.
120  TPM2u+F+G4    1657.125     17  3348.250     3349.122     3426.098
WARNING: 12 threads for alignment length 77 will slow down analysis
WARNING: Number of threads seems too high for short alignments. Use -nt AUTO to determine best number of threads.
121  TPM2u+F+I+G4  1657.136     18  3350.272     3351.248     3432.699
WARNING: 12 threads for alignment length 77 will slow down analysis
WARNING: Number of threads seems too high for short alignments. Use -nt AUTO to determine best number of threads.
122  TPM2u+F+R2    1657.232     18  3350.464     3351.440     3432.890
WARNING: 12 threads for alignment length 77 will slow down analysis
WARNING: Number of threads seems too high for short alignments. Use -nt AUTO to determine best number of threads.
123  TPM2u+F+R3    1657.114     20  3354.229     3355.430     3445.814
WARNING: 12 threads for alignment length 77 will slow down analysis
WARNING: Number of threads seems too high for short alignments. Use -nt AUTO to determine best number of threads.
131  TPM3+F        1664.623     16  3361.246     3362.020     3434.514
WARNING: 12 threads for alignment length 77 will slow down analysis
WARNING: Number of threads seems too high for short alignments. Use -nt AUTO to determine best number of threads.
132  TPM3+F+I      1655.470     17  3344.940     3345.812     3422.787
WARNING: 12 threads for alignment length 77 will slow down analysis
WARNING: Number of threads seems too high for short alignments. Use -nt AUTO to determine best number of threads.
133  TPM3+F+G4     1655.467     17  3344.934     3345.806     3422.781
WARNING: 12 threads for alignment length 77 will slow down analysis
WARNING: Number of threads seems too high for short alignments. Use -nt AUTO to determine best number of threads.
134  TPM3+F+I+G4   1655.461     18  3346.922     3347.898     3429.349
WARNING: 12 threads for alignment length 77 will slow down analysis
WARNING: Number of threads seems too high for short alignments. Use -nt AUTO to determine best number of threads.
135  TPM3+F+R2     1655.566     18  3347.132     3348.108     3429.558
WARNING: 12 threads for alignment length 77 will slow down analysis
WARNING: Number of threads seems too high for short alignments. Use -nt AUTO to determine best number of threads.
136  TPM3+F+R3     1655.467     20  3350.934     3352.136     3442.519
WARNING: 12 threads for alignment length 77 will slow down analysis
WARNING: Number of threads seems too high for short alignments. Use -nt AUTO to determine best number of threads.
144  TPM3u+F       1664.623     16  3361.246     3362.020     3434.514
WARNING: 12 threads for alignment length 77 will slow down analysis
WARNING: Number of threads seems too high for short alignments. Use -nt AUTO to determine best number of threads.
145  TPM3u+F+I     1655.470     17  3344.940     3345.812     3422.787
WARNING: 12 threads for alignment length 77 will slow down analysis
WARNING: Number of threads seems too high for short alignments. Use -nt AUTO to determine best number of threads.
146  TPM3u+F+G4    1655.467     17  3344.934     3345.806     3422.781
WARNING: 12 threads for alignment length 77 will slow down analysis
WARNING: Number of threads seems too high for short alignments. Use -nt AUTO to determine best number of threads.
147  TPM3u+F+I+G4  1655.461     18  3346.922     3347.898     3429.349
WARNING: 12 threads for alignment length 77 will slow down analysis
WARNING: Number of threads seems too high for short alignments. Use -nt AUTO to determine best number of threads.
148  TPM3u+F+R2    1655.548     18  3347.096     3348.072     3429.523
WARNING: 12 threads for alignment length 77 will slow down analysis
WARNING: Number of threads seems too high for short alignments. Use -nt AUTO to determine best number of threads.
149  TPM3u+F+R3    1655.467     20  3350.934     3352.136     3442.519
WARNING: 12 threads for alignment length 77 will slow down analysis
WARNING: Number of threads seems too high for short alignments. Use -nt AUTO to determine best number of threads.
157  TIMe          1676.512     14  3381.024     3381.620     3445.133
WARNING: 12 threads for alignment length 77 will slow down analysis
WARNING: Number of threads seems too high for short alignments. Use -nt AUTO to determine best number of threads.
158  TIMe+I        1667.609     15  3365.218     3365.900     3433.907
WARNING: 12 threads for alignment length 77 will slow down analysis
WARNING: Number of threads seems too high for short alignments. Use -nt AUTO to determine best number of threads.
159  TIMe+G4       1667.657     15  3365.314     3365.996     3434.003
WARNING: 12 threads for alignment length 77 will slow down analysis
WARNING: Number of threads seems too high for short alignments. Use -nt AUTO to determine best number of threads.
160  TIMe+I+G4     1667.692     16  3367.383     3368.157     3440.651
WARNING: 12 threads for alignment length 77 will slow down analysis
WARNING: Number of threads seems too high for short alignments. Use -nt AUTO to determine best number of threads.
161  TIMe+R2       1667.662     16  3367.325     3368.098     3440.593
WARNING: 12 threads for alignment length 77 will slow down analysis
WARNING: Number of threads seems too high for short alignments. Use -nt AUTO to determine best number of threads.
162  TIMe+R3       1667.634     18  3371.268     3372.243     3453.694
WARNING: 12 threads for alignment length 77 will slow down analysis
WARNING: Number of threads seems too high for short alignments. Use -nt AUTO to determine best number of threads.
170  TIM+F         1664.589     17  3363.178     3364.050     3441.025
WARNING: 12 threads for alignment length 77 will slow down analysis
WARNING: Number of threads seems too high for short alignments. Use -nt AUTO to determine best number of threads.
171  TIM+F+I       1655.584     18  3347.168     3348.144     3429.595
WARNING: 12 threads for alignment length 77 will slow down analysis
WARNING: Number of threads seems too high for short alignments. Use -nt AUTO to determine best number of threads.
172  TIM+F+G4      1655.605     18  3347.211     3348.187     3429.637
WARNING: 12 threads for alignment length 77 will slow down analysis
WARNING: Number of threads seems too high for short alignments. Use -nt AUTO to determine best number of threads.
173  TIM+F+I+G4    1655.614     19  3349.227     3350.313     3436.233
WARNING: 12 threads for alignment length 77 will slow down analysis
WARNING: Number of threads seems too high for short alignments. Use -nt AUTO to determine best number of threads.
174  TIM+F+R2      1655.633     19  3349.266     3350.352     3436.272
WARNING: 12 threads for alignment length 77 will slow down analysis
WARNING: Number of threads seems too high for short alignments. Use -nt AUTO to determine best number of threads.
175  TIM+F+R3      1655.595     21  3353.190     3354.514     3449.354
WARNING: 12 threads for alignment length 77 will slow down analysis
WARNING: Number of threads seems too high for short alignments. Use -nt AUTO to determine best number of threads.
183  TIM2e         1677.814     14  3383.628     3384.223     3447.737
WARNING: 12 threads for alignment length 77 will slow down analysis
WARNING: Number of threads seems too high for short alignments. Use -nt AUTO to determine best number of threads.
184  TIM2e+I       1668.823     15  3367.646     3368.328     3436.335
WARNING: 12 threads for alignment length 77 will slow down analysis
WARNING: Number of threads seems too high for short alignments. Use -nt AUTO to determine best number of threads.
185  TIM2e+G4      1668.875     15  3367.749     3368.431     3436.438
WARNING: 12 threads for alignment length 77 will slow down analysis
WARNING: Number of threads seems too high for short alignments. Use -nt AUTO to determine best number of threads.
186  TIM2e+I+G4    1668.918     16  3369.836     3370.610     3443.104
WARNING: 12 threads for alignment length 77 will slow down analysis
WARNING: Number of threads seems too high for short alignments. Use -nt AUTO to determine best number of threads.
187  TIM2e+R2      1668.863     16  3369.726     3370.500     3442.994
WARNING: 12 threads for alignment length 77 will slow down analysis
WARNING: Number of threads seems too high for short alignments. Use -nt AUTO to determine best number of threads.
188  TIM2e+R3      1668.848     18  3373.696     3374.671     3456.122
WARNING: 12 threads for alignment length 77 will slow down analysis
WARNING: Number of threads seems too high for short alignments. Use -nt AUTO to determine best number of threads.
196  TIM2+F        1665.681     17  3365.362     3366.234     3443.210
WARNING: 12 threads for alignment length 77 will slow down analysis
WARNING: Number of threads seems too high for short alignments. Use -nt AUTO to determine best number of threads.
197  TIM2+F+I      1656.687     18  3349.373     3350.349     3431.800
WARNING: 12 threads for alignment length 77 will slow down analysis
WARNING: Number of threads seems too high for short alignments. Use -nt AUTO to determine best number of threads.
198  TIM2+F+G4     1656.705     18  3349.411     3350.386     3431.837
WARNING: 12 threads for alignment length 77 will slow down analysis
WARNING: Number of threads seems too high for short alignments. Use -nt AUTO to determine best number of threads.
199  TIM2+F+I+G4   1656.714     19  3351.428     3352.514     3438.434
WARNING: 12 threads for alignment length 77 will slow down analysis
WARNING: Number of threads seems too high for short alignments. Use -nt AUTO to determine best number of threads.
200  TIM2+F+R2     1656.716     19  3351.432     3352.518     3438.438
WARNING: 12 threads for alignment length 77 will slow down analysis
WARNING: Number of threads seems too high for short alignments. Use -nt AUTO to determine best number of threads.
201  TIM2+F+R3     1656.696     21  3355.391     3356.715     3451.556
WARNING: 12 threads for alignment length 77 will slow down analysis
WARNING: Number of threads seems too high for short alignments. Use -nt AUTO to determine best number of threads.
209  TIM3e         1677.174     14  3382.348     3382.944     3446.458
WARNING: 12 threads for alignment length 77 will slow down analysis
WARNING: Number of threads seems too high for short alignments. Use -nt AUTO to determine best number of threads.
210  TIM3e+I       1668.379     15  3366.758     3367.440     3435.447
WARNING: 12 threads for alignment length 77 will slow down analysis
WARNING: Number of threads seems too high for short alignments. Use -nt AUTO to determine best number of threads.
211  TIM3e+G4      1668.419     15  3366.838     3367.520     3435.527
WARNING: 12 threads for alignment length 77 will slow down analysis
WARNING: Number of threads seems too high for short alignments. Use -nt AUTO to determine best number of threads.
212  TIM3e+I+G4    1668.451     16  3368.901     3369.675     3442.169
WARNING: 12 threads for alignment length 77 will slow down analysis
WARNING: Number of threads seems too high for short alignments. Use -nt AUTO to determine best number of threads.
213  TIM3e+R2      1668.395     16  3368.791     3369.565     3442.059
WARNING: 12 threads for alignment length 77 will slow down analysis
WARNING: Number of threads seems too high for short alignments. Use -nt AUTO to determine best number of threads.
214  TIM3e+R3      1668.392     18  3372.784     3373.759     3455.210
WARNING: 12 threads for alignment length 77 will slow down analysis
WARNING: Number of threads seems too high for short alignments. Use -nt AUTO to determine best number of threads.
222  TIM3+F        1664.023     17  3362.047     3362.918     3439.894
WARNING: 12 threads for alignment length 77 will slow down analysis
WARNING: Number of threads seems too high for short alignments. Use -nt AUTO to determine best number of threads.
223  TIM3+F+I      1655.063     18  3346.126     3347.102     3428.552
WARNING: 12 threads for alignment length 77 will slow down analysis
WARNING: Number of threads seems too high for short alignments. Use -nt AUTO to determine best number of threads.
224  TIM3+F+G4     1655.059     18  3346.118     3347.094     3428.545
WARNING: 12 threads for alignment length 77 will slow down analysis
WARNING: Number of threads seems too high for short alignments. Use -nt AUTO to determine best number of threads.
225  TIM3+F+I+G4   1655.054     19  3348.107     3349.193     3435.113
WARNING: 12 threads for alignment length 77 will slow down analysis
WARNING: Number of threads seems too high for short alignments. Use -nt AUTO to determine best number of threads.
226  TIM3+F+R2     1655.077     19  3348.154     3349.240     3435.160
WARNING: 12 threads for alignment length 77 will slow down analysis
WARNING: Number of threads seems too high for short alignments. Use -nt AUTO to determine best number of threads.
227  TIM3+F+R3     1655.072     21  3352.145     3353.469     3448.309
WARNING: 12 threads for alignment length 77 will slow down analysis
WARNING: Number of threads seems too high for short alignments. Use -nt AUTO to determine best number of threads.
235  TVMe          1676.039     15  3382.079     3382.761     3450.767
WARNING: 12 threads for alignment length 77 will slow down analysis
WARNING: Number of threads seems too high for short alignments. Use -nt AUTO to determine best number of threads.
236  TVMe+I        1666.955     16  3365.910     3366.684     3439.178
WARNING: 12 threads for alignment length 77 will slow down analysis
WARNING: Number of threads seems too high for short alignments. Use -nt AUTO to determine best number of threads.
237  TVMe+G4       1667.004     16  3366.007     3366.781     3439.276
WARNING: 12 threads for alignment length 77 will slow down analysis
WARNING: Number of threads seems too high for short alignments. Use -nt AUTO to determine best number of threads.
238  TVMe+I+G4     1667.043     17  3368.087     3368.959     3445.934
WARNING: 12 threads for alignment length 77 will slow down analysis
WARNING: Number of threads seems too high for short alignments. Use -nt AUTO to determine best number of threads.
239  TVMe+R2       1666.983     17  3367.966     3368.838     3445.813
WARNING: 12 threads for alignment length 77 will slow down analysis
WARNING: Number of threads seems too high for short alignments. Use -nt AUTO to determine best number of threads.
240  TVMe+R3       1666.976     19  3371.952     3373.038     3458.958
WARNING: 12 threads for alignment length 77 will slow down analysis
WARNING: Number of threads seems too high for short alignments. Use -nt AUTO to determine best number of threads.
248  TVM+F         1662.718     18  3361.437     3362.412     3443.863
WARNING: 12 threads for alignment length 77 will slow down analysis
WARNING: Number of threads seems too high for short alignments. Use -nt AUTO to determine best number of threads.
249  TVM+F+I       1653.581     19  3345.161     3346.247     3432.167
WARNING: 12 threads for alignment length 77 will slow down analysis
WARNING: Number of threads seems too high for short alignments. Use -nt AUTO to determine best number of threads.
250  TVM+F+G4      1653.584     19  3345.167     3346.253     3432.173
WARNING: 12 threads for alignment length 77 will slow down analysis
WARNING: Number of threads seems too high for short alignments. Use -nt AUTO to determine best number of threads.
251  TVM+F+I+G4    1653.581     20  3347.162     3348.364     3438.747
WARNING: 12 threads for alignment length 77 will slow down analysis
WARNING: Number of threads seems too high for short alignments. Use -nt AUTO to determine best number of threads.
252  TVM+F+R2      1653.594     20  3347.187     3348.389     3438.772
WARNING: 12 threads for alignment length 77 will slow down analysis
WARNING: Number of threads seems too high for short alignments. Use -nt AUTO to determine best number of threads.
253  TVM+F+R3      1653.588     22  3351.175     3352.627     3451.919
WARNING: 12 threads for alignment length 77 will slow down analysis
WARNING: Number of threads seems too high for short alignments. Use -nt AUTO to determine best number of threads.
261  SYM           1674.931     16  3381.862     3382.636     3455.130
WARNING: 12 threads for alignment length 77 will slow down analysis
WARNING: Number of threads seems too high for short alignments. Use -nt AUTO to determine best number of threads.
262  SYM+I         1666.062     17  3366.123     3366.995     3443.970
WARNING: 12 threads for alignment length 77 will slow down analysis
WARNING: Number of threads seems too high for short alignments. Use -nt AUTO to determine best number of threads.
263  SYM+G4        1666.107     17  3366.213     3367.085     3444.061
WARNING: 12 threads for alignment length 77 will slow down analysis
WARNING: Number of threads seems too high for short alignments. Use -nt AUTO to determine best number of threads.
264  SYM+I+G4      1666.143     18  3368.286     3369.262     3450.713
WARNING: 12 threads for alignment length 77 will slow down analysis
WARNING: Number of threads seems too high for short alignments. Use -nt AUTO to determine best number of threads.
265  SYM+R2        1666.068     18  3368.136     3369.112     3450.563
WARNING: 12 threads for alignment length 77 will slow down analysis
WARNING: Number of threads seems too high for short alignments. Use -nt AUTO to determine best number of threads.
266  SYM+R3        1666.065     20  3372.130     3373.332     3463.715
WARNING: 12 threads for alignment length 77 will slow down analysis
WARNING: Number of threads seems too high for short alignments. Use -nt AUTO to determine best number of threads.
274  GTR+F         1662.112     19  3362.224     3363.309     3449.229
WARNING: 12 threads for alignment length 77 will slow down analysis
WARNING: Number of threads seems too high for short alignments. Use -nt AUTO to determine best number of threads.
275  GTR+F+I       1653.167     20  3346.335     3347.536     3437.920
WARNING: 12 threads for alignment length 77 will slow down analysis
WARNING: Number of threads seems too high for short alignments. Use -nt AUTO to determine best number of threads.
276  GTR+F+G4      1653.171     20  3346.341     3347.543     3437.926
WARNING: 12 threads for alignment length 77 will slow down analysis
WARNING: Number of threads seems too high for short alignments. Use -nt AUTO to determine best number of threads.
277  GTR+F+I+G4    1653.168     21  3348.337     3349.660     3444.501
WARNING: 12 threads for alignment length 77 will slow down analysis
WARNING: Number of threads seems too high for short alignments. Use -nt AUTO to determine best number of threads.
278  GTR+F+R2      1653.171     21  3348.341     3349.665     3444.505
WARNING: 12 threads for alignment length 77 will slow down analysis
WARNING: Number of threads seems too high for short alignments. Use -nt AUTO to determine best number of threads.
279  GTR+F+R3      1653.168     23  3352.336     3353.922     3457.659
Akaike Information Criterion:           TPM3+F+G4
Corrected Akaike Information Criterion: TPM3+F+G4
Bayesian Information Criterion:         HKY+F+I
Best-fit model: HKY+F+I chosen according to BIC

All model information printed to KLRC.cds.nt_ali.fasta.rmchimp2b.fa.model.gz
CPU time for ModelFinder: 3.766 seconds (0h:0m:3s)
Wall-clock time for ModelFinder: 0.359 seconds (0h:0m:0s)
WARNING: 12 threads for alignment length 77 will slow down analysis
Generating 1000 samples for ultrafast bootstrap (seed: 869848)...

NOTE: 0 MB RAM (0 GB) is required!
WARNING: Number of threads seems too high for short alignments. Use -nt AUTO to determine best number of threads.
Estimate model parameters (epsilon = 0.100)
1. Initial log-likelihood: -1671.126
2. Current log-likelihood: -1657.233
3. Current log-likelihood: -1657.106
Optimal log-likelihood: -1657.106
Rate parameters:  A-C: 1.00000  A-G: 2.59379  A-T: 1.00000  C-G: 1.00000  C-T: 2.59379  G-T: 1.00000
Base frequencies:  A: 0.322  C: 0.201  G: 0.210  T: 0.267
Proportion of invariable sites: 0.660
Parameters optimization took 3 rounds (0.004 sec)
Computing ML distances based on estimated model parameters... 0.003 sec
Computing BIONJ tree...
0.001 seconds
Log-likelihood of BIONJ tree: -1657.106
--------------------------------------------------------------------
|             INITIALIZING CANDIDATE TREE SET                      |
--------------------------------------------------------------------
Generating 99 parsimony trees... 0.015 second
Computing log-likelihood of 35 initial trees ... 0.034 seconds
Current best score: -1657.106

Do NNI search on 20 best initial trees
Estimate model parameters (epsilon = 0.100)
BETTER TREE FOUND at iteration 1: -1657.106
Iteration 10 / LogL: -1657.110 / Time: 0h:0m:0s
Iteration 20 / LogL: -1657.335 / Time: 0h:0m:0s
Finish initializing candidate tree set (1)
Current best tree score: -1657.106 / CPU time: 0.172
Number of iterations: 20
--------------------------------------------------------------------
|               OPTIMIZING CANDIDATE TREE SET                      |
--------------------------------------------------------------------
Iteration 30 / LogL: -1657.179 / Time: 0h:0m:0s (0h:0m:0s left)
UPDATE BEST LOG-LIKELIHOOD: -1657.106
Iteration 40 / LogL: -1657.107 / Time: 0h:0m:0s (0h:0m:0s left)
Iteration 50 / LogL: -1657.107 / Time: 0h:0m:0s (0h:0m:0s left)
Log-likelihood cutoff on original alignment: -1679.857
Iteration 60 / LogL: -1657.107 / Time: 0h:0m:0s (0h:0m:0s left)
Iteration 70 / LogL: -1657.106 / Time: 0h:0m:0s (0h:0m:0s left)
Iteration 80 / LogL: -1657.107 / Time: 0h:0m:0s (0h:0m:0s left)
Iteration 90 / LogL: -1657.106 / Time: 0h:0m:0s (0h:0m:0s left)
Iteration 100 / LogL: -1657.107 / Time: 0h:0m:0s (0h:0m:0s left)
Log-likelihood cutoff on original alignment: -1679.857
NOTE: Bootstrap correlation coefficient of split occurrence frequencies: 1.000
TREE SEARCH COMPLETED AFTER 102 ITERATIONS / Time: 0h:0m:0s

--------------------------------------------------------------------
|                    FINALIZING TREE SEARCH                        |
--------------------------------------------------------------------
Performs final model parameters optimization
Estimate model parameters (epsilon = 0.010)
1. Initial log-likelihood: -1657.106
Optimal log-likelihood: -1657.106
Rate parameters:  A-C: 1.00000  A-G: 2.59382  A-T: 1.00000  C-G: 1.00000  C-T: 2.59382  G-T: 1.00000
Base frequencies:  A: 0.322  C: 0.201  G: 0.210  T: 0.267
Proportion of invariable sites: 0.660
Parameters optimization took 1 rounds (0.001 sec)
BEST SCORE FOUND : -1657.106
Creating bootstrap support values...
Split supports printed to NEXUS file KLRC.cds.nt_ali.fasta.rmchimp2b.fa.splits.nex
Total tree length: 0.177

Total number of iterations: 102
CPU time used for tree search: 11.588 sec (0h:0m:11s)
Wall-clock time used for tree search: 0.979 sec (0h:0m:0s)
Total CPU time used: 11.945 sec (0h:0m:11s)
Total wall-clock time used: 1.014 sec (0h:0m:1s)

Computing bootstrap consensus tree...
Reading input file KLRC.cds.nt_ali.fasta.rmchimp2b.fa.splits.nex...
7 taxa and 17 splits.
Consensus tree written to KLRC.cds.nt_ali.fasta.rmchimp2b.fa.contree
Reading input trees file KLRC.cds.nt_ali.fasta.rmchimp2b.fa.contree
Log-likelihood of consensus tree: -1657.106

Analysis results written to: 
  IQ-TREE report:                KLRC.cds.nt_ali.fasta.rmchimp2b.fa.iqtree
  Maximum-likelihood tree:       KLRC.cds.nt_ali.fasta.rmchimp2b.fa.treefile
  Likelihood distances:          KLRC.cds.nt_ali.fasta.rmchimp2b.fa.mldist

Ultrafast bootstrap approximation results written to:
  Split support values:          KLRC.cds.nt_ali.fasta.rmchimp2b.fa.splits.nex
  Consensus tree:                KLRC.cds.nt_ali.fasta.rmchimp2b.fa.contree
  Screen log file:               KLRC.cds.nt_ali.fasta.rmchimp2b.fa.log

Date and Time: Fri Oct 14 03:52:48 2022
